<?xml version="1.0" encoding="UTF-8"?>
<!-- Generated by org.testng.reporters.JUnitReportReporter -->
<testsuite hostname="pc" failures="0" tests="1" name="com.test.sel.seleniumFramework.HomePageTest" time="15.550" errors="1" timestamp="2020-07-05T20:08:20 EDT" skipped="0">
  <testcase classname="com.test.sel.seleniumFramework.HomePageTest" name="search" time="15.550">
    <error message="session not created
from chrome not reachable
  (Session info: chrome=83.0.4103.116)
Build info: version: &#039;3.141.59&#039;, revision: &#039;e82be7d358&#039;, time: &#039;2018-11-14T08:17:03&#039;
System info: host: &#039;PC&#039;, ip: &#039;192.168.25.1&#039;, os.name: &#039;Windows 10&#039;, os.arch: &#039;amd64&#039;, os.version: &#039;10.0&#039;, java.version: &#039;11.0.7&#039;
Driver info: driver.version: ChromeDriver
remote stacktrace: Backtrace:
	Ordinal0 [0x004C9563+2725219]
	Ordinal0 [0x003C8551+1672529]
	Ordinal0 [0x002B0202+524802]
	Ordinal0 [0x002A99B2+498098]
	Ordinal0 [0x002AA09B+499867]
	Ordinal0 [0x002AAFF5+503797]
	Ordinal0 [0x002A6994+485780]
	Ordinal0 [0x002B0FF0+528368]
	Ordinal0 [0x0025D6C9+186057]
	Ordinal0 [0x0025CA3D+182845]
	Ordinal0 [0x0025A94B+174411]
	Ordinal0 [0x00242528+75048]
	Ordinal0 [0x002435A0+79264]
	Ordinal0 [0x00243539+79161]
	Ordinal0 [0x003DD607+1758727]
	GetHandleVerifier [0x005E6546+1050150]
	GetHandleVerifier [0x005E6291+1049457]
	GetHandleVerifier [0x005F10D7+1094071]
	GetHandleVerifier [0x005E6B46+1051686]
	Ordinal0 [0x003D5B06+1727238]
	Ordinal0 [0x003DEB7B+1764219]
	Ordinal0 [0x003DECE3+1764579]
	Ordinal0 [0x003F4C05+1854469]
	BaseThreadInitThunk [0x764D6359+25]
	RtlGetAppContainerNamedObjectPath [0x76F77C14+228]
	RtlGetAppContainerNamedObjectPath [0x76F77BE4+180]
" type="org.openqa.selenium.SessionNotCreatedException">
      <![CDATA[org.openqa.selenium.SessionNotCreatedException: session not created
from chrome not reachable
  (Session info: chrome=83.0.4103.116)
Build info: version: '3.141.59', revision: 'e82be7d358', time: '2018-11-14T08:17:03'
System info: host: 'PC', ip: '192.168.25.1', os.name: 'Windows 10', os.arch: 'amd64', os.version: '10.0', java.version: '11.0.7'
Driver info: driver.version: ChromeDriver
remote stacktrace: Backtrace:
Ordinal0 [0x004C9563+2725219]
Ordinal0 [0x003C8551+1672529]
Ordinal0 [0x002B0202+524802]
Ordinal0 [0x002A99B2+498098]
Ordinal0 [0x002AA09B+499867]
Ordinal0 [0x002AAFF5+503797]
Ordinal0 [0x002A6994+485780]
Ordinal0 [0x002B0FF0+528368]
Ordinal0 [0x0025D6C9+186057]
Ordinal0 [0x0025CA3D+182845]
Ordinal0 [0x0025A94B+174411]
Ordinal0 [0x00242528+75048]
Ordinal0 [0x002435A0+79264]
Ordinal0 [0x00243539+79161]
Ordinal0 [0x003DD607+1758727]
GetHandleVerifier [0x005E6546+1050150]
GetHandleVerifier [0x005E6291+1049457]
GetHandleVerifier [0x005F10D7+1094071]
GetHandleVerifier [0x005E6B46+1051686]
Ordinal0 [0x003D5B06+1727238]
Ordinal0 [0x003DEB7B+1764219]
Ordinal0 [0x003DECE3+1764579]
Ordinal0 [0x003F4C05+1854469]
BaseThreadInitThunk [0x764D6359+25]
RtlGetAppContainerNamedObjectPath [0x76F77C14+228]
RtlGetAppContainerNamedObjectPath [0x76F77BE4+180]

at java.base/jdk.internal.reflect.NativeConstructorAccessorImpl.newInstance0(Native Method)
at java.base/jdk.internal.reflect.NativeConstructorAccessorImpl.newInstance(NativeConstructorAccessorImpl.java:62)
at java.base/jdk.internal.reflect.DelegatingConstructorAccessorImpl.newInstance(DelegatingConstructorAccessorImpl.java:45)
at java.base/java.lang.reflect.Constructor.newInstance(Constructor.java:490)
at org.openqa.selenium.remote.W3CHandshakeResponse.lambda$errorHandler$0(W3CHandshakeResponse.java:62)
at org.openqa.selenium.remote.HandshakeResponse.lambda$getResponseFunction$0(HandshakeResponse.java:30)
at org.openqa.selenium.remote.ProtocolHandshake.lambda$createSession$0(ProtocolHandshake.java:126)
at java.base/java.util.stream.ReferencePipeline$3$1.accept(ReferencePipeline.java:195)
at java.base/java.util.Spliterators$ArraySpliterator.tryAdvance(Spliterators.java:958)
at java.base/java.util.stream.ReferencePipeline.forEachWithCancel(ReferencePipeline.java:127)
at java.base/java.util.stream.AbstractPipeline.copyIntoWithCancel(AbstractPipeline.java:502)
at java.base/java.util.stream.AbstractPipeline.copyInto(AbstractPipeline.java:488)
at java.base/java.util.stream.AbstractPipeline.wrapAndCopyInto(AbstractPipeline.java:474)
at java.base/java.util.stream.FindOps$FindOp.evaluateSequential(FindOps.java:150)
at java.base/java.util.stream.AbstractPipeline.evaluate(AbstractPipeline.java:234)
at java.base/java.util.stream.ReferencePipeline.findFirst(ReferencePipeline.java:543)
at org.openqa.selenium.remote.ProtocolHandshake.createSession(ProtocolHandshake.java:128)
at org.openqa.selenium.remote.ProtocolHandshake.createSession(ProtocolHandshake.java:74)
at org.openqa.selenium.remote.HttpCommandExecutor.execute(HttpCommandExecutor.java:136)
at org.openqa.selenium.remote.service.DriverCommandExecutor.execute(DriverCommandExecutor.java:83)
at org.openqa.selenium.remote.RemoteWebDriver.execute(RemoteWebDriver.java:552)
at org.openqa.selenium.remote.RemoteWebDriver.startSession(RemoteWebDriver.java:213)
at org.openqa.selenium.remote.RemoteWebDriver.<init>(RemoteWebDriver.java:131)
at org.openqa.selenium.chrome.ChromeDriver.<init>(ChromeDriver.java:181)
at org.openqa.selenium.chrome.ChromeDriver.<init>(ChromeDriver.java:168)
at org.openqa.selenium.chrome.ChromeDriver.<init>(ChromeDriver.java:123)
at com.test.sel.seleniumFramework.HomePageTest.search(HomePageTest.java:12)
at java.base/jdk.internal.reflect.NativeMethodAccessorImpl.invoke0(Native Method)
at java.base/jdk.internal.reflect.NativeMethodAccessorImpl.invoke(NativeMethodAccessorImpl.java:62)
at java.base/jdk.internal.reflect.DelegatingMethodAccessorImpl.invoke(DelegatingMethodAccessorImpl.java:43)
at java.base/java.lang.reflect.Method.invoke(Method.java:566)
at org.testng.internal.MethodInvocationHelper.invokeMethod(MethodInvocationHelper.java:134)
at org.testng.internal.TestInvoker.invokeMethod(TestInvoker.java:597)
at org.testng.internal.TestInvoker.invokeTestMethod(TestInvoker.java:173)
at org.testng.internal.MethodRunner.runInSequence(MethodRunner.java:46)
at org.testng.internal.TestInvoker$MethodInvocationAgent.invoke(TestInvoker.java:816)
at org.testng.internal.TestInvoker.invokeTestMethods(TestInvoker.java:146)
at org.testng.internal.TestMethodWorker.invokeTestMethods(TestMethodWorker.java:146)
at org.testng.internal.TestMethodWorker.run(TestMethodWorker.java:128)
at java.base/java.util.ArrayList.forEach(ArrayList.java:1540)
at org.testng.TestRunner.privateRun(TestRunner.java:766)
at org.testng.TestRunner.run(TestRunner.java:587)
at org.testng.SuiteRunner.runTest(SuiteRunner.java:384)
at org.testng.SuiteRunner.runSequentially(SuiteRunner.java:378)
at org.testng.SuiteRunner.privateRun(SuiteRunner.java:337)
at org.testng.SuiteRunner.run(SuiteRunner.java:286)
at org.testng.SuiteRunnerWorker.runSuite(SuiteRunnerWorker.java:53)
at org.testng.SuiteRunnerWorker.run(SuiteRunnerWorker.java:96)
at org.testng.TestNG.runSuitesSequentially(TestNG.java:1187)
at org.testng.TestNG.runSuitesLocally(TestNG.java:1109)
at org.testng.TestNG.runSuites(TestNG.java:1039)
at org.testng.TestNG.run(TestNG.java:1007)
at org.testng.remote.AbstractRemoteTestNG.run(AbstractRemoteTestNG.java:115)
at org.testng.remote.RemoteTestNG.initAndRun(RemoteTestNG.java:251)
at org.testng.remote.RemoteTestNG.main(RemoteTestNG.java:77)
]]>
    </error>
  </testcase> <!-- search -->
  <system-out/>
</testsuite> <!-- com.test.sel.seleniumFramework.HomePageTest -->
